
  .   ____          _            __ _ _
 /\\ / ___'_ __ _ _(_)_ __  __ _ \ \ \ \
( ( )\___ | '_ | '_| | '_ \/ _` | \ \ \ \
 \\/  ___)| |_)| | | | | || (_| |  ) ) ) )
  '  |____| .__|_| |_|_| |_\__, | / / / /
 =========|_|==============|___/=/_/_/_/
 :: Spring Boot ::                (v3.1.5)

2025-10-01T08:33:29.473+05:30  INFO 171964 --- [           main] c.p.p.p.PayrollServiceApplication        : Starting PayrollServiceApplication v0.0.1-SNAPSHOT using Java 17.0.16 with PID 171964 (/home/harmn/Pictures/apc/services/payroll-service/target/payroll-service-0.0.1-SNAPSHOT.jar started by harmn in /home/harmn/Pictures/apc/services/payroll-service)
2025-10-01T08:33:29.479+05:30  INFO 171964 --- [           main] c.p.p.p.PayrollServiceApplication        : No active profile set, falling back to 1 default profile: "default"
2025-10-01T08:33:30.743+05:30  INFO 171964 --- [           main] .s.d.r.c.RepositoryConfigurationDelegate : Bootstrapping Spring Data JPA repositories in DEFAULT mode.
2025-10-01T08:33:31.030+05:30  INFO 171964 --- [           main] .s.d.r.c.RepositoryConfigurationDelegate : Finished Spring Data repository scanning in 273 ms. Found 1 JPA repository interfaces.
2025-10-01T08:33:31.486+05:30  INFO 171964 --- [           main] o.s.cloud.context.scope.GenericScope     : BeanFactory id=317fae1e-af6a-395d-95b9-f27061e59c83
2025-10-01T08:33:32.565+05:30  INFO 171964 --- [           main] o.s.b.w.embedded.tomcat.TomcatWebServer  : Tomcat initialized with port(s): 8083 (http)
2025-10-01T08:33:32.616+05:30  INFO 171964 --- [           main] o.apache.catalina.core.StandardService   : Starting service [Tomcat]
2025-10-01T08:33:32.619+05:30  INFO 171964 --- [           main] o.apache.catalina.core.StandardEngine    : Starting Servlet engine: [Apache Tomcat/10.1.15]
2025-10-01T08:33:32.848+05:30  INFO 171964 --- [           main] o.a.c.c.C.[Tomcat].[localhost].[/]       : Initializing Spring embedded WebApplicationContext
2025-10-01T08:33:32.854+05:30  INFO 171964 --- [           main] w.s.c.ServletWebServerApplicationContext : Root WebApplicationContext: initialization completed in 3240 ms
2025-10-01T08:33:33.428+05:30  INFO 171964 --- [           main] o.hibernate.jpa.internal.util.LogHelper  : HHH000204: Processing PersistenceUnitInfo [name: default]
2025-10-01T08:33:33.732+05:30  INFO 171964 --- [           main] org.hibernate.Version                    : HHH000412: Hibernate ORM core version 6.2.13.Final
2025-10-01T08:33:33.739+05:30  INFO 171964 --- [           main] org.hibernate.cfg.Environment            : HHH000406: Using bytecode reflection optimizer
2025-10-01T08:33:34.395+05:30  INFO 171964 --- [           main] o.s.o.j.p.SpringPersistenceUnitInfo      : No LoadTimeWeaver setup: ignoring JPA class transformer
2025-10-01T08:33:34.466+05:30  INFO 171964 --- [           main] com.zaxxer.hikari.HikariDataSource       : HikariPool-1 - Starting...
2025-10-01T08:33:34.752+05:30  INFO 171964 --- [           main] com.zaxxer.hikari.pool.HikariPool        : HikariPool-1 - Added connection org.mariadb.jdbc.Connection@150d80c4
2025-10-01T08:33:34.757+05:30  INFO 171964 --- [           main] com.zaxxer.hikari.HikariDataSource       : HikariPool-1 - Start completed.
2025-10-01T08:33:35.843+05:30  INFO 171964 --- [           main] o.h.e.t.j.p.i.JtaPlatformInitiator       : HHH000489: No JTA platform available (set 'hibernate.transaction.jta.platform' to enable JTA platform integration)
2025-10-01T08:33:35.896+05:30  INFO 171964 --- [           main] j.LocalContainerEntityManagerFactoryBean : Initialized JPA EntityManagerFactory for persistence unit 'default'
2025-10-01T08:33:36.513+05:30  WARN 171964 --- [           main] JpaBaseConfiguration$JpaWebConfiguration : spring.jpa.open-in-view is enabled by default. Therefore, database queries may be performed during view rendering. Explicitly configure spring.jpa.open-in-view to disable this warning
2025-10-01T08:33:37.726+05:30  INFO 171964 --- [           main] DiscoveryClientOptionalArgsConfiguration : Eureka HTTP Client uses RestTemplate.
2025-10-01T08:33:38.214+05:30  INFO 171964 --- [           main] o.s.c.n.eureka.InstanceInfoFactory       : Setting initial instance status as: STARTING
2025-10-01T08:33:38.447+05:30  INFO 171964 --- [           main] com.netflix.discovery.DiscoveryClient    : Initializing Eureka in region us-east-1
2025-10-01T08:33:38.459+05:30  INFO 171964 --- [           main] c.n.d.s.r.aws.ConfigClusterResolver      : Resolving eureka endpoints via configuration
2025-10-01T08:33:38.523+05:30  INFO 171964 --- [           main] com.netflix.discovery.DiscoveryClient    : Disable delta property : false
2025-10-01T08:33:38.524+05:30  INFO 171964 --- [           main] com.netflix.discovery.DiscoveryClient    : Single vip registry refresh property : null
2025-10-01T08:33:38.524+05:30  INFO 171964 --- [           main] com.netflix.discovery.DiscoveryClient    : Force full registry fetch : false
2025-10-01T08:33:38.524+05:30  INFO 171964 --- [           main] com.netflix.discovery.DiscoveryClient    : Application is null : false
2025-10-01T08:33:38.524+05:30  INFO 171964 --- [           main] com.netflix.discovery.DiscoveryClient    : Registered Applications size is zero : true
2025-10-01T08:33:38.524+05:30  INFO 171964 --- [           main] com.netflix.discovery.DiscoveryClient    : Application version is -1: true
2025-10-01T08:33:38.524+05:30  INFO 171964 --- [           main] com.netflix.discovery.DiscoveryClient    : Getting all instance registry info from the eureka server
2025-10-01T08:33:39.702+05:30  INFO 171964 --- [           main] com.netflix.discovery.DiscoveryClient    : The response status is 200
2025-10-01T08:33:39.710+05:30  INFO 171964 --- [           main] com.netflix.discovery.DiscoveryClient    : Starting heartbeat executor: renew interval is: 30
2025-10-01T08:33:39.721+05:30  INFO 171964 --- [           main] c.n.discovery.InstanceInfoReplicator     : InstanceInfoReplicator onDemand update allowed rate per min is 4
2025-10-01T08:33:39.740+05:30  INFO 171964 --- [           main] com.netflix.discovery.DiscoveryClient    : Discovery Client initialized at timestamp 1759287819736 with initial instances count: 5
2025-10-01T08:33:39.751+05:30  INFO 171964 --- [           main] o.s.c.n.e.s.EurekaServiceRegistry        : Registering application PAYROLL-SERVICE with eureka with status UP
2025-10-01T08:33:39.752+05:30  INFO 171964 --- [           main] com.netflix.discovery.DiscoveryClient    : Saw local status change event StatusChangeEvent [timestamp=1759287819752, current=UP, previous=STARTING]
2025-10-01T08:33:39.755+05:30  INFO 171964 --- [nfoReplicator-0] com.netflix.discovery.DiscoveryClient    : DiscoveryClient_PAYROLL-SERVICE/192.168.1.72:payroll-service:8083: registering service...
2025-10-01T08:33:39.819+05:30  INFO 171964 --- [           main] o.s.b.w.embedded.tomcat.TomcatWebServer  : Tomcat started on port(s): 8083 (http) with context path ''
2025-10-01T08:33:39.821+05:30  INFO 171964 --- [           main] .s.c.n.e.s.EurekaAutoServiceRegistration : Updating port to 8083
2025-10-01T08:33:39.872+05:30  INFO 171964 --- [           main] c.p.p.p.PayrollServiceApplication        : Started PayrollServiceApplication in 11.592 seconds (process running for 13.442)
2025-10-01T08:33:39.935+05:30  INFO 171964 --- [nfoReplicator-0] com.netflix.discovery.DiscoveryClient    : DiscoveryClient_PAYROLL-SERVICE/192.168.1.72:payroll-service:8083 - registration status: 204
2025-10-01T08:35:06.865+05:30  INFO 171964 --- [nio-8083-exec-1] o.a.c.c.C.[Tomcat].[localhost].[/]       : Initializing Spring DispatcherServlet 'dispatcherServlet'
2025-10-01T08:35:06.866+05:30  INFO 171964 --- [nio-8083-exec-1] o.s.web.servlet.DispatcherServlet        : Initializing Servlet 'dispatcherServlet'
2025-10-01T08:35:06.868+05:30  INFO 171964 --- [nio-8083-exec-1] o.s.web.servlet.DispatcherServlet        : Completed initialization in 2 ms
Hibernate: select p1_0.payroll_id,p1_0.employee_id,p1_0.payroll_base_salary,p1_0.payroll_deductions,p1_0.payroll_experience_bonus,p1_0.payroll_pay_date,p1_0.payroll_total_pay from payrolls p1_0 where p1_0.employee_id=?
2025-10-01T08:38:38.544+05:30  INFO 171964 --- [trap-executor-0] c.n.d.s.r.aws.ConfigClusterResolver      : Resolving eureka endpoints via configuration
