
  .   ____          _            __ _ _
 /\\ / ___'_ __ _ _(_)_ __  __ _ \ \ \ \
( ( )\___ | '_ | '_| | '_ \/ _` | \ \ \ \
 \\/  ___)| |_)| | | | | || (_| |  ) ) ) )
  '  |____| .__|_| |_|_| |_\__, | / / / /
 =========|_|==============|___/=/_/_/_/
 :: Spring Boot ::                (v3.1.5)

2025-10-01T08:33:39.468+05:30  INFO 172160 --- [           main] c.p.p.l.LeaveServiceApplication          : Starting LeaveServiceApplication v0.0.1-SNAPSHOT using Java 17.0.16 with PID 172160 (/home/harmn/Pictures/apc/services/leave-service/target/leave-service-0.0.1-SNAPSHOT.jar started by harmn in /home/harmn/Pictures/apc/services/leave-service)
2025-10-01T08:33:39.475+05:30  INFO 172160 --- [           main] c.p.p.l.LeaveServiceApplication          : No active profile set, falling back to 1 default profile: "default"
2025-10-01T08:33:40.980+05:30  INFO 172160 --- [           main] .s.d.r.c.RepositoryConfigurationDelegate : Bootstrapping Spring Data JPA repositories in DEFAULT mode.
2025-10-01T08:33:41.179+05:30  INFO 172160 --- [           main] .s.d.r.c.RepositoryConfigurationDelegate : Finished Spring Data repository scanning in 188 ms. Found 1 JPA repository interfaces.
2025-10-01T08:33:41.510+05:30  INFO 172160 --- [           main] o.s.cloud.context.scope.GenericScope     : BeanFactory id=91e54bf0-021a-3f79-a8e7-60e493adef75
2025-10-01T08:33:42.434+05:30  INFO 172160 --- [           main] o.s.b.w.embedded.tomcat.TomcatWebServer  : Tomcat initialized with port(s): 8085 (http)
2025-10-01T08:33:42.456+05:30  INFO 172160 --- [           main] o.apache.catalina.core.StandardService   : Starting service [Tomcat]
2025-10-01T08:33:42.457+05:30  INFO 172160 --- [           main] o.apache.catalina.core.StandardEngine    : Starting Servlet engine: [Apache Tomcat/10.1.15]
2025-10-01T08:33:42.587+05:30  INFO 172160 --- [           main] o.a.c.c.C.[Tomcat].[localhost].[/]       : Initializing Spring embedded WebApplicationContext
2025-10-01T08:33:42.588+05:30  INFO 172160 --- [           main] w.s.c.ServletWebServerApplicationContext : Root WebApplicationContext: initialization completed in 2971 ms
2025-10-01T08:33:42.897+05:30  INFO 172160 --- [           main] o.hibernate.jpa.internal.util.LogHelper  : HHH000204: Processing PersistenceUnitInfo [name: default]
2025-10-01T08:33:43.048+05:30  INFO 172160 --- [           main] org.hibernate.Version                    : HHH000412: Hibernate ORM core version 6.2.13.Final
2025-10-01T08:33:43.059+05:30  INFO 172160 --- [           main] org.hibernate.cfg.Environment            : HHH000406: Using bytecode reflection optimizer
2025-10-01T08:33:43.758+05:30  INFO 172160 --- [           main] o.s.o.j.p.SpringPersistenceUnitInfo      : No LoadTimeWeaver setup: ignoring JPA class transformer
2025-10-01T08:33:43.831+05:30  INFO 172160 --- [           main] com.zaxxer.hikari.HikariDataSource       : HikariPool-1 - Starting...
2025-10-01T08:33:44.053+05:30  INFO 172160 --- [           main] com.zaxxer.hikari.pool.HikariPool        : HikariPool-1 - Added connection org.mariadb.jdbc.Connection@7da10b5b
2025-10-01T08:33:44.057+05:30  INFO 172160 --- [           main] com.zaxxer.hikari.HikariDataSource       : HikariPool-1 - Start completed.
2025-10-01T08:33:45.011+05:30  INFO 172160 --- [           main] o.h.e.t.j.p.i.JtaPlatformInitiator       : HHH000489: No JTA platform available (set 'hibernate.transaction.jta.platform' to enable JTA platform integration)
2025-10-01T08:33:45.046+05:30  INFO 172160 --- [           main] j.LocalContainerEntityManagerFactoryBean : Initialized JPA EntityManagerFactory for persistence unit 'default'
2025-10-01T08:33:45.365+05:30  WARN 172160 --- [           main] JpaBaseConfiguration$JpaWebConfiguration : spring.jpa.open-in-view is enabled by default. Therefore, database queries may be performed during view rendering. Explicitly configure spring.jpa.open-in-view to disable this warning
2025-10-01T08:33:45.849+05:30  INFO 172160 --- [           main] DiscoveryClientOptionalArgsConfiguration : Eureka HTTP Client uses RestTemplate.
2025-10-01T08:33:46.033+05:30  INFO 172160 --- [           main] o.s.c.n.eureka.InstanceInfoFactory       : Setting initial instance status as: STARTING
2025-10-01T08:33:46.204+05:30  INFO 172160 --- [           main] com.netflix.discovery.DiscoveryClient    : Initializing Eureka in region us-east-1
2025-10-01T08:33:46.211+05:30  INFO 172160 --- [           main] c.n.d.s.r.aws.ConfigClusterResolver      : Resolving eureka endpoints via configuration
2025-10-01T08:33:46.245+05:30  INFO 172160 --- [           main] com.netflix.discovery.DiscoveryClient    : Disable delta property : false
2025-10-01T08:33:46.246+05:30  INFO 172160 --- [           main] com.netflix.discovery.DiscoveryClient    : Single vip registry refresh property : null
2025-10-01T08:33:46.246+05:30  INFO 172160 --- [           main] com.netflix.discovery.DiscoveryClient    : Force full registry fetch : false
2025-10-01T08:33:46.246+05:30  INFO 172160 --- [           main] com.netflix.discovery.DiscoveryClient    : Application is null : false
2025-10-01T08:33:46.246+05:30  INFO 172160 --- [           main] com.netflix.discovery.DiscoveryClient    : Registered Applications size is zero : true
2025-10-01T08:33:46.246+05:30  INFO 172160 --- [           main] com.netflix.discovery.DiscoveryClient    : Application version is -1: true
2025-10-01T08:33:46.246+05:30  INFO 172160 --- [           main] com.netflix.discovery.DiscoveryClient    : Getting all instance registry info from the eureka server
2025-10-01T08:33:46.721+05:30  INFO 172160 --- [           main] com.netflix.discovery.DiscoveryClient    : The response status is 200
2025-10-01T08:33:46.725+05:30  INFO 172160 --- [           main] com.netflix.discovery.DiscoveryClient    : Starting heartbeat executor: renew interval is: 30
2025-10-01T08:33:46.728+05:30  INFO 172160 --- [           main] c.n.discovery.InstanceInfoReplicator     : InstanceInfoReplicator onDemand update allowed rate per min is 4
2025-10-01T08:33:46.734+05:30  INFO 172160 --- [           main] com.netflix.discovery.DiscoveryClient    : Discovery Client initialized at timestamp 1759287826733 with initial instances count: 5
2025-10-01T08:33:46.737+05:30  INFO 172160 --- [           main] o.s.c.n.e.s.EurekaServiceRegistry        : Registering application LEAVE-SERVICE with eureka with status UP
2025-10-01T08:33:46.738+05:30  INFO 172160 --- [           main] com.netflix.discovery.DiscoveryClient    : Saw local status change event StatusChangeEvent [timestamp=1759287826738, current=UP, previous=STARTING]
2025-10-01T08:33:46.740+05:30  INFO 172160 --- [nfoReplicator-0] com.netflix.discovery.DiscoveryClient    : DiscoveryClient_LEAVE-SERVICE/192.168.1.72:leave-service:8085: registering service...
2025-10-01T08:33:46.758+05:30  INFO 172160 --- [           main] o.s.b.w.embedded.tomcat.TomcatWebServer  : Tomcat started on port(s): 8085 (http) with context path ''
2025-10-01T08:33:46.759+05:30  INFO 172160 --- [           main] .s.c.n.e.s.EurekaAutoServiceRegistration : Updating port to 8085
2025-10-01T08:33:46.770+05:30  INFO 172160 --- [           main] c.p.p.l.LeaveServiceApplication          : Started LeaveServiceApplication in 8.712 seconds (process running for 10.323)
2025-10-01T08:33:46.794+05:30  INFO 172160 --- [nfoReplicator-0] com.netflix.discovery.DiscoveryClient    : DiscoveryClient_LEAVE-SERVICE/192.168.1.72:leave-service:8085 - registration status: 204
2025-10-01T08:35:36.219+05:30  INFO 172160 --- [nio-8085-exec-1] o.a.c.c.C.[Tomcat].[localhost].[/]       : Initializing Spring DispatcherServlet 'dispatcherServlet'
2025-10-01T08:35:36.220+05:30  INFO 172160 --- [nio-8085-exec-1] o.s.web.servlet.DispatcherServlet        : Initializing Servlet 'dispatcherServlet'
2025-10-01T08:35:36.223+05:30  INFO 172160 --- [nio-8085-exec-1] o.s.web.servlet.DispatcherServlet        : Completed initialization in 2 ms
Hibernate: select l1_0.leave_id,l1_0.employee_id,l1_0.end_date,l1_0.reason,l1_0.start_date,l1_0.status from leaves l1_0
Hibernate: select l1_0.leave_id,l1_0.employee_id,l1_0.end_date,l1_0.reason,l1_0.start_date,l1_0.status from leaves l1_0
Hibernate: select l1_0.leave_id,l1_0.employee_id,l1_0.end_date,l1_0.reason,l1_0.start_date,l1_0.status from leaves l1_0
Hibernate: insert into leaves (employee_id,end_date,reason,start_date,status) values (?,?,?,?,?)
Hibernate: select l1_0.leave_id,l1_0.employee_id,l1_0.end_date,l1_0.reason,l1_0.start_date,l1_0.status from leaves l1_0
Hibernate: select l1_0.leave_id,l1_0.employee_id,l1_0.end_date,l1_0.reason,l1_0.start_date,l1_0.status from leaves l1_0
2025-10-01T08:38:46.261+05:30  INFO 172160 --- [trap-executor-0] c.n.d.s.r.aws.ConfigClusterResolver      : Resolving eureka endpoints via configuration
Hibernate: select l1_0.leave_id,l1_0.employee_id,l1_0.end_date,l1_0.reason,l1_0.start_date,l1_0.status from leaves l1_0 where l1_0.leave_id=?
Hibernate: update leaves set employee_id=?,end_date=?,reason=?,start_date=?,status=? where leave_id=?
Hibernate: select l1_0.leave_id,l1_0.employee_id,l1_0.end_date,l1_0.reason,l1_0.start_date,l1_0.status from leaves l1_0
Hibernate: select l1_0.leave_id,l1_0.employee_id,l1_0.end_date,l1_0.reason,l1_0.start_date,l1_0.status from leaves l1_0 where l1_0.leave_id=?
Hibernate: update leaves set employee_id=?,end_date=?,reason=?,start_date=?,status=? where leave_id=?
Hibernate: select l1_0.leave_id,l1_0.employee_id,l1_0.end_date,l1_0.reason,l1_0.start_date,l1_0.status from leaves l1_0
Hibernate: select l1_0.leave_id,l1_0.employee_id,l1_0.end_date,l1_0.reason,l1_0.start_date,l1_0.status from leaves l1_0 where l1_0.leave_id=?
Hibernate: update leaves set employee_id=?,end_date=?,reason=?,start_date=?,status=? where leave_id=?
Hibernate: select l1_0.leave_id,l1_0.employee_id,l1_0.end_date,l1_0.reason,l1_0.start_date,l1_0.status from leaves l1_0
Hibernate: select l1_0.leave_id,l1_0.employee_id,l1_0.end_date,l1_0.reason,l1_0.start_date,l1_0.status from leaves l1_0
Hibernate: select l1_0.leave_id,l1_0.employee_id,l1_0.end_date,l1_0.reason,l1_0.start_date,l1_0.status from leaves l1_0 where l1_0.leave_id=?
Hibernate: update leaves set employee_id=?,end_date=?,reason=?,start_date=?,status=? where leave_id=?
Hibernate: select l1_0.leave_id,l1_0.employee_id,l1_0.end_date,l1_0.reason,l1_0.start_date,l1_0.status from leaves l1_0
Hibernate: select l1_0.leave_id,l1_0.employee_id,l1_0.end_date,l1_0.reason,l1_0.start_date,l1_0.status from leaves l1_0 where l1_0.leave_id=?
Hibernate: update leaves set employee_id=?,end_date=?,reason=?,start_date=?,status=? where leave_id=?
Hibernate: select l1_0.leave_id,l1_0.employee_id,l1_0.end_date,l1_0.reason,l1_0.start_date,l1_0.status from leaves l1_0
